2024-10-23 17:18:48 DEBUG FilterChainProxy - Securing GET /register
2024-10-23 17:18:48 DEBUG AnonymousAuthenticationFilter - Set SecurityContextHolder to anonymous SecurityContext
2024-10-23 17:18:48 DEBUG FilterChainProxy - Secured GET /register
2024-10-23 17:18:48 DEBUG FilterChainProxy - Securing GET /css/register.css
2024-10-23 17:18:48 DEBUG AnonymousAuthenticationFilter - Set SecurityContextHolder to anonymous SecurityContext
2024-10-23 17:18:48 DEBUG FilterChainProxy - Secured GET /css/register.css
2024-10-23 17:18:51 DEBUG FilterChainProxy - Securing POST /register
2024-10-23 17:18:51 DEBUG AnonymousAuthenticationFilter - Set SecurityContextHolder to anonymous SecurityContext
2024-10-23 17:18:51 DEBUG FilterChainProxy - Secured POST /register
2024-10-23 17:18:51 DEBUG FilterChainProxy - Securing POST /error
2024-10-23 17:18:51 DEBUG FilterChainProxy - Secured POST /error
2024-10-23 17:18:52 DEBUG AnonymousAuthenticationFilter - Set SecurityContextHolder to anonymous SecurityContext
2024-10-23 17:19:01 DEBUG FilterChainProxy - Securing GET /register
2024-10-23 17:19:01 DEBUG AnonymousAuthenticationFilter - Set SecurityContextHolder to anonymous SecurityContext
2024-10-23 17:19:01 DEBUG FilterChainProxy - Secured GET /register
2024-10-23 17:19:01 DEBUG FilterChainProxy - Securing GET /css/register.css
2024-10-23 17:19:01 DEBUG AnonymousAuthenticationFilter - Set SecurityContextHolder to anonymous SecurityContext
2024-10-23 17:19:01 DEBUG FilterChainProxy - Secured GET /css/register.css
2024-10-23 17:19:08 DEBUG FilterChainProxy - Securing POST /register
2024-10-23 17:19:08 DEBUG AnonymousAuthenticationFilter - Set SecurityContextHolder to anonymous SecurityContext
2024-10-23 17:19:08 DEBUG FilterChainProxy - Secured POST /register
2024-10-23 17:19:08 INFO LoginController - LoginUser(id=23, username=aaa7, password=$2a$10$a.sg.SZp7nU0PuNtAojy5Oug03fUB7FFYZEOUeOBYM2xcmcJWE/m., email=x_yanwei@jobtkk.co.jp, role=User)が登録された
2024-10-23 17:19:08 DEBUG FilterChainProxy - Securing GET /css/login.css
2024-10-23 17:19:08 DEBUG AnonymousAuthenticationFilter - Set SecurityContextHolder to anonymous SecurityContext
2024-10-23 17:19:08 DEBUG FilterChainProxy - Secured GET /css/login.css
2024-10-23 17:19:23 DEBUG FilterChainProxy - Securing POST /login
2024-10-23 17:19:23 DEBUG DaoAuthenticationProvider - Failed to authenticate since password does not match stored value
2024-10-23 17:19:23 DEBUG DefaultRedirectStrategy - Redirecting to /login?error
2024-10-23 17:19:23 DEBUG FilterChainProxy - Securing GET /login?error
2024-10-23 17:19:23 DEBUG AnonymousAuthenticationFilter - Set SecurityContextHolder to anonymous SecurityContext
2024-10-23 17:19:23 DEBUG FilterChainProxy - Secured GET /login?error
2024-10-23 17:19:23 DEBUG FilterChainProxy - Securing GET /css/login.css
2024-10-23 17:19:23 DEBUG AnonymousAuthenticationFilter - Set SecurityContextHolder to anonymous SecurityContext
2024-10-23 17:19:23 DEBUG FilterChainProxy - Secured GET /css/login.css
2024-10-23 17:19:29 DEBUG FilterChainProxy - Securing POST /login
2024-10-23 17:19:29 DEBUG DaoAuthenticationProvider - Authenticated user
2024-10-23 17:19:29 DEBUG ChangeSessionIdAuthenticationStrategy - Changed session id from BE71FF586A12ACDCA51D0D53BB160E72
2024-10-23 17:19:29 DEBUG HttpSessionSecurityContextRepository - Stored SecurityContextImpl [Authentication=UsernamePasswordAuthenticationToken [Principal=com.example.demo.service.CustomUserDetails@1ebbdc13, Credentials=[PROTECTED], Authenticated=true, Details=WebAuthenticationDetails [RemoteIpAddress=0:0:0:0:0:0:0:1, SessionId=BE71FF586A12ACDCA51D0D53BB160E72], Granted Authorities=[com.example.demo.service.CustomUserDetails$$Lambda/0x000001ed018caca0@625921b4]]] to HttpSession [org.apache.catalina.session.StandardSessionFacade@17eec864]
2024-10-23 17:19:29 DEBUG UsernamePasswordAuthenticationFilter - Set SecurityContextHolder to UsernamePasswordAuthenticationToken [Principal=com.example.demo.service.CustomUserDetails@1ebbdc13, Credentials=[PROTECTED], Authenticated=true, Details=WebAuthenticationDetails [RemoteIpAddress=0:0:0:0:0:0:0:1, SessionId=BE71FF586A12ACDCA51D0D53BB160E72], Granted Authorities=[com.example.demo.service.CustomUserDetails$$Lambda/0x000001ed018caca0@625921b4]]
2024-10-23 17:19:29 DEBUG DefaultRedirectStrategy - Redirecting to /
2024-10-23 17:19:29 DEBUG FilterChainProxy - Securing GET /
2024-10-23 17:19:29 DEBUG FilterChainProxy - Secured GET /
2024-10-23 17:19:29 DEBUG HttpSessionSecurityContextRepository - Retrieved SecurityContextImpl [Authentication=UsernamePasswordAuthenticationToken [Principal=com.example.demo.service.CustomUserDetails@1ebbdc13, Credentials=[PROTECTED], Authenticated=true, Details=WebAuthenticationDetails [RemoteIpAddress=0:0:0:0:0:0:0:1, SessionId=BE71FF586A12ACDCA51D0D53BB160E72], Granted Authorities=[com.example.demo.service.CustomUserDetails$$Lambda/0x000001ed018caca0@625921b4]]]
2024-10-23 17:19:29 INFO MainTextController - aaa1
2024-10-23 17:19:29 DEBUG FilterChainProxy - Securing GET /css/index.css
2024-10-23 17:19:29 DEBUG FilterChainProxy - Secured GET /css/index.css
2024-10-23 17:19:29 DEBUG FilterChainProxy - Securing GET /img/header.jpg
2024-10-23 17:19:29 DEBUG FilterChainProxy - Secured GET /img/header.jpg
2024-10-23 17:19:29 DEBUG HttpSessionSecurityContextRepository - Retrieved SecurityContextImpl [Authentication=UsernamePasswordAuthenticationToken [Principal=com.example.demo.service.CustomUserDetails@1ebbdc13, Credentials=[PROTECTED], Authenticated=true, Details=WebAuthenticationDetails [RemoteIpAddress=0:0:0:0:0:0:0:1, SessionId=BE71FF586A12ACDCA51D0D53BB160E72], Granted Authorities=[com.example.demo.service.CustomUserDetails$$Lambda/0x000001ed018caca0@625921b4]]]
2024-10-23 17:19:29 DEBUG FilterChainProxy - Securing GET /js/main.js
2024-10-23 17:19:29 DEBUG FilterChainProxy - Secured GET /js/main.js
2024-10-23 17:19:29 DEBUG HttpSessionSecurityContextRepository - Retrieved SecurityContextImpl [Authentication=UsernamePasswordAuthenticationToken [Principal=com.example.demo.service.CustomUserDetails@1ebbdc13, Credentials=[PROTECTED], Authenticated=true, Details=WebAuthenticationDetails [RemoteIpAddress=0:0:0:0:0:0:0:1, SessionId=BE71FF586A12ACDCA51D0D53BB160E72], Granted Authorities=[com.example.demo.service.CustomUserDetails$$Lambda/0x000001ed018caca0@625921b4]]]
2024-10-23 17:19:29 DEBUG HttpSessionSecurityContextRepository - Retrieved SecurityContextImpl [Authentication=UsernamePasswordAuthenticationToken [Principal=com.example.demo.service.CustomUserDetails@1ebbdc13, Credentials=[PROTECTED], Authenticated=true, Details=WebAuthenticationDetails [RemoteIpAddress=0:0:0:0:0:0:0:1, SessionId=BE71FF586A12ACDCA51D0D53BB160E72], Granted Authorities=[com.example.demo.service.CustomUserDetails$$Lambda/0x000001ed018caca0@625921b4]]]
2024-10-23 17:38:14 INFO SpringApplicationAdminMXBeanRegistrar$SpringApplicationAdmin - Application shutdown requested.
2024-10-23 17:38:14 INFO LocalContainerEntityManagerFactoryBean - Closing JPA EntityManagerFactory for persistence unit 'default'
2024-10-23 17:38:17 INFO SampleApplication - Starting SampleApplication using Java 21.0.4 with PID 19640 (C:\pleiades\codeWorkspace\sample\bin\main started by x_yanwei in C:\pleiades\codeWorkspace\sample)
2024-10-23 17:38:17 INFO SampleApplication - No active profile set, falling back to 1 default profile: "default"
2024-10-23 17:38:17 INFO DevToolsPropertyDefaultsPostProcessor - Devtools property defaults active! Set 'spring.devtools.add-properties' to 'false' to disable
2024-10-23 17:38:17 INFO DevToolsPropertyDefaultsPostProcessor - For additional web related logging consider setting the 'logging.level.web' property to 'DEBUG'
2024-10-23 17:38:18 INFO RepositoryConfigurationDelegate - Multiple Spring Data modules found, entering strict repository configuration mode
2024-10-23 17:38:18 INFO RepositoryConfigurationDelegate - Bootstrapping Spring Data JDBC repositories in DEFAULT mode.
2024-10-23 17:38:18 INFO RepositoryConfigurationExtensionSupport - Spring Data JDBC - Could not safely identify store assignment for repository candidate interface com.example.demo.repository.JobRepository; If you want this repository to be a JDBC repository, consider annotating your entities with one of these annotations: org.springframework.data.relational.core.mapping.Table.
2024-10-23 17:38:18 INFO RepositoryConfigurationExtensionSupport - Spring Data JDBC - Could not safely identify store assignment for repository candidate interface com.example.demo.repository.LoginUserRepository; If you want this repository to be a JDBC repository, consider annotating your entities with one of these annotations: org.springframework.data.relational.core.mapping.Table.
2024-10-23 17:38:18 INFO RepositoryConfigurationExtensionSupport - Spring Data JDBC - Could not safely identify store assignment for repository candidate interface com.example.demo.repository.MessageRepository; If you want this repository to be a JDBC repository, consider annotating your entities with one of these annotations: org.springframework.data.relational.core.mapping.Table.
2024-10-23 17:38:18 INFO RepositoryConfigurationDelegate - Finished Spring Data repository scanning in 47 ms. Found 0 JDBC repository interfaces.
2024-10-23 17:38:18 INFO RepositoryConfigurationDelegate - Multiple Spring Data modules found, entering strict repository configuration mode
2024-10-23 17:38:18 INFO RepositoryConfigurationDelegate - Bootstrapping Spring Data JPA repositories in DEFAULT mode.
2024-10-23 17:38:18 INFO RepositoryConfigurationDelegate - Finished Spring Data repository scanning in 45 ms. Found 3 JPA repository interfaces.
2024-10-23 17:38:19 INFO TomcatWebServer - Tomcat initialized with port 8080 (http)
2024-10-23 17:38:19 INFO ServletWebServerApplicationContext - Root WebApplicationContext: initialization completed in 1851 ms
2024-10-23 17:38:19 INFO H2ConsoleAutoConfiguration - H2 console available at '/h2-console'. Database available at 'jdbc:mysql://localhost:3306/test1'
2024-10-23 17:38:20 INFO LogHelper - HHH000204: Processing PersistenceUnitInfo [name: default]
2024-10-23 17:38:20 INFO Version - HHH000412: Hibernate ORM core version 6.5.3.Final
2024-10-23 17:38:20 INFO RegionFactoryInitiator - HHH000026: Second-level cache disabled
2024-10-23 17:38:20 INFO SpringPersistenceUnitInfo - No LoadTimeWeaver setup: ignoring JPA class transformer
2024-10-23 17:38:20 WARN Dialect - HHH000511: The 5.5.5 version for [org.hibernate.dialect.MySQLDialect] is no longer supported, hence certain features may not work properly. The minimum supported version is 8.0.0. Check the community dialects project for available legacy versions.
2024-10-23 17:38:21 INFO JtaPlatformInitiator - HHH000489: No JTA platform available (set 'hibernate.transaction.jta.platform' to enable JTA platform integration)
2024-10-23 17:38:21 INFO LocalContainerEntityManagerFactoryBean - Initialized JPA EntityManagerFactory for persistence unit 'default'
2024-10-23 17:38:22 WARN JpaBaseConfiguration$JpaWebConfiguration - spring.jpa.open-in-view is enabled by default. Therefore, database queries may be performed during view rendering. Explicitly configure spring.jpa.open-in-view to disable this warning
2024-10-23 17:38:22 WARN InitializeUserDetailsBeanManagerConfigurer$InitializeUserDetailsManagerConfigurer - Global AuthenticationManager configured with an AuthenticationProvider bean. UserDetailsService beans will not be used for username/password login. Consider removing the AuthenticationProvider bean. Alternatively, consider using the UserDetailsService in a manually instantiated DaoAuthenticationProvider.
2024-10-23 17:38:22 INFO WelcomePageHandlerMapping - Adding welcome page template: index
2024-10-23 17:38:22 DEBUG DefaultSecurityFilterChain - Will secure any request with filters: DisableEncodeUrlFilter, WebAsyncManagerIntegrationFilter, SecurityContextHolderFilter, HeaderWriterFilter, LogoutFilter, UsernamePasswordAuthenticationFilter, RequestCacheAwareFilter, SecurityContextHolderAwareRequestFilter, AnonymousAuthenticationFilter, SessionManagementFilter, ExceptionTranslationFilter, AuthorizationFilter
2024-10-23 17:38:23 INFO OptionalLiveReloadServer - LiveReload server is running on port 35729
2024-10-23 17:38:23 INFO TomcatWebServer - Tomcat started on port 8080 (http) with context path '/'
2024-10-23 17:38:23 INFO SampleApplication - Started SampleApplication in 6.03 seconds (process running for 7.412)
2024-10-23 17:38:33 INFO DispatcherServlet - Initializing Servlet 'dispatcherServlet'
2024-10-23 17:38:33 INFO DispatcherServlet - Completed initialization in 2 ms
2024-10-23 17:38:33 DEBUG FilterChainProxy - Securing GET /
2024-10-23 17:38:33 DEBUG AnonymousAuthenticationFilter - Set SecurityContextHolder to anonymous SecurityContext
2024-10-23 17:38:33 DEBUG FilterChainProxy - Secured GET /
2024-10-23 17:38:33 INFO MainTextController - anonymousUser
2024-10-23 17:38:33 DEBUG FilterChainProxy - Securing GET /img/header.jpg
2024-10-23 17:38:33 DEBUG FilterChainProxy - Securing GET /css/index.css
2024-10-23 17:38:33 DEBUG AnonymousAuthenticationFilter - Set SecurityContextHolder to anonymous SecurityContext
2024-10-23 17:38:33 DEBUG AnonymousAuthenticationFilter - Set SecurityContextHolder to anonymous SecurityContext
2024-10-23 17:38:33 DEBUG FilterChainProxy - Securing GET /js/main.js
2024-10-23 17:38:33 DEBUG FilterChainProxy - Secured GET /css/index.css
2024-10-23 17:38:33 DEBUG FilterChainProxy - Secured GET /img/header.jpg
2024-10-23 17:38:33 DEBUG AnonymousAuthenticationFilter - Set SecurityContextHolder to anonymous SecurityContext
2024-10-23 17:38:33 DEBUG FilterChainProxy - Secured GET /js/main.js
2024-10-23 17:38:36 DEBUG FilterChainProxy - Securing GET /registerCorporation
2024-10-23 17:38:36 DEBUG AnonymousAuthenticationFilter - Set SecurityContextHolder to anonymous SecurityContext
2024-10-23 17:38:36 DEBUG FilterChainProxy - Secured GET /registerCorporation
2024-10-23 17:38:36 DEBUG FilterChainProxy - Securing GET /css/register.css
2024-10-23 17:38:36 DEBUG AnonymousAuthenticationFilter - Set SecurityContextHolder to anonymous SecurityContext
2024-10-23 17:38:36 DEBUG FilterChainProxy - Secured GET /css/register.css
2024-10-23 17:38:47 DEBUG FilterChainProxy - Securing POST /corporationRegister
2024-10-23 17:38:47 DEBUG AnonymousAuthenticationFilter - Set SecurityContextHolder to anonymous SecurityContext
2024-10-23 17:38:47 DEBUG FilterChainProxy - Secured POST /corporationRegister
2024-10-23 17:38:47 INFO LoginController - LoginUser(id=24, username=aaa999, password=$2a$10$TaAqFbvzGbMp3lRBMdzvqeEljlAcoLXYuYXTNUdJkR2Rlr9ZmKpma, email=1111@111.com, role=CORPORATEUSER)が登録された
2024-10-23 17:38:47 DEBUG FilterChainProxy - Securing GET /css/login.css
2024-10-23 17:38:47 DEBUG AnonymousAuthenticationFilter - Set SecurityContextHolder to anonymous SecurityContext
2024-10-23 17:38:47 DEBUG FilterChainProxy - Secured GET /css/login.css
2024-10-23 18:27:25 DEBUG FilterChainProxy - Securing GET /
2024-10-23 18:27:25 DEBUG AnonymousAuthenticationFilter - Set SecurityContextHolder to anonymous SecurityContext
2024-10-23 18:27:25 DEBUG FilterChainProxy - Secured GET /
2024-10-23 18:27:25 INFO MainTextController - anonymousUser
2024-10-23 18:27:25 DEBUG FilterChainProxy - Securing GET /css/index.css
2024-10-23 18:27:25 DEBUG FilterChainProxy - Securing GET /img/header.jpg
2024-10-23 18:27:25 DEBUG AnonymousAuthenticationFilter - Set SecurityContextHolder to anonymous SecurityContext
2024-10-23 18:27:25 DEBUG AnonymousAuthenticationFilter - Set SecurityContextHolder to anonymous SecurityContext
2024-10-23 18:27:25 DEBUG FilterChainProxy - Secured GET /css/index.css
2024-10-23 18:27:25 DEBUG FilterChainProxy - Secured GET /img/header.jpg
2024-10-23 18:27:25 DEBUG FilterChainProxy - Securing GET /js/main.js
2024-10-23 18:27:25 DEBUG AnonymousAuthenticationFilter - Set SecurityContextHolder to anonymous SecurityContext
2024-10-23 18:27:25 DEBUG FilterChainProxy - Secured GET /js/main.js
2024-10-23 18:27:26 DEBUG FilterChainProxy - Securing GET /favicon.ico
2024-10-23 18:27:26 DEBUG AnonymousAuthenticationFilter - Set SecurityContextHolder to anonymous SecurityContext
2024-10-23 18:27:26 DEBUG FilterChainProxy - Secured GET /favicon.ico
2024-10-23 18:27:26 DEBUG FilterChainProxy - Securing GET /error
2024-10-23 18:27:26 DEBUG FilterChainProxy - Secured GET /error
2024-10-23 18:27:26 DEBUG AnonymousAuthenticationFilter - Set SecurityContextHolder to anonymous SecurityContext
2024-10-23 18:29:32 DEBUG FilterChainProxy - Securing GET /recruit
2024-10-23 18:29:32 DEBUG AnonymousAuthenticationFilter - Set SecurityContextHolder to anonymous SecurityContext
2024-10-23 18:29:32 DEBUG FilterChainProxy - Secured GET /recruit
2024-10-23 18:29:32 DEBUG FilterChainProxy - Securing GET /css/recruit.css
2024-10-23 18:29:32 DEBUG FilterChainProxy - Securing GET /css/header.css
2024-10-23 18:29:32 DEBUG AnonymousAuthenticationFilter - Set SecurityContextHolder to anonymous SecurityContext
2024-10-23 18:29:32 DEBUG AnonymousAuthenticationFilter - Set SecurityContextHolder to anonymous SecurityContext
2024-10-23 18:29:32 DEBUG FilterChainProxy - Secured GET /css/header.css
2024-10-23 18:29:32 DEBUG FilterChainProxy - Secured GET /css/recruit.css
2024-10-23 18:29:32 DEBUG FilterChainProxy - Securing GET /img/スクリーンショット2.png
2024-10-23 18:29:32 DEBUG AnonymousAuthenticationFilter - Set SecurityContextHolder to anonymous SecurityContext
2024-10-23 18:29:32 DEBUG FilterChainProxy - Secured GET /img/スクリーンショット2.png
2024-10-23 18:29:32 DEBUG FilterChainProxy - Securing GET /js/recruit.js
2024-10-23 18:29:32 DEBUG AnonymousAuthenticationFilter - Set SecurityContextHolder to anonymous SecurityContext
2024-10-23 18:29:32 DEBUG FilterChainProxy - Secured GET /js/recruit.js
2024-10-23 18:29:32 DEBUG FilterChainProxy - Securing GET /packs/media/common/bg--pt3-f3239198.gif
2024-10-23 18:29:32 DEBUG AnonymousAuthenticationFilter - Set SecurityContextHolder to anonymous SecurityContext
2024-10-23 18:29:32 DEBUG FilterChainProxy - Secured GET /packs/media/common/bg--pt3-f3239198.gif
2024-10-23 18:29:32 DEBUG FilterChainProxy - Securing GET /error
2024-10-23 18:29:32 DEBUG FilterChainProxy - Secured GET /error
2024-10-23 18:29:32 DEBUG AnonymousAuthenticationFilter - Set SecurityContextHolder to anonymous SecurityContext
